[2022-05-11 21:28:38Z INFO HostContext] No proxy settings were found based on environmental variables (http_proxy/https_proxy/HTTP_PROXY/HTTPS_PROXY)
[2022-05-11 21:28:38Z INFO HostContext] Well known directory 'Bin': '/Users/elijah.cannon/Work/Email/Blocks/head/cc-header/actions-runner/bin'
[2022-05-11 21:28:38Z INFO HostContext] Well known directory 'Root': '/Users/elijah.cannon/Work/Email/Blocks/head/cc-header/actions-runner'
[2022-05-11 21:28:38Z INFO HostContext] Well known config file 'Credentials': '/Users/elijah.cannon/Work/Email/Blocks/head/cc-header/actions-runner/.credentials'
[2022-05-11 21:28:38Z INFO HostContext] Well known directory 'Bin': '/Users/elijah.cannon/Work/Email/Blocks/head/cc-header/actions-runner/bin'
[2022-05-11 21:28:38Z INFO HostContext] Well known directory 'Root': '/Users/elijah.cannon/Work/Email/Blocks/head/cc-header/actions-runner'
[2022-05-11 21:28:38Z INFO HostContext] Well known config file 'Runner': '/Users/elijah.cannon/Work/Email/Blocks/head/cc-header/actions-runner/.runner'
[2022-05-11 21:28:39Z INFO Listener] Runner is built for OSX (X64) - osx-x64.
[2022-05-11 21:28:39Z INFO Listener] RuntimeInformation: Darwin 21.4.0 Darwin Kernel Version 21.4.0: Fri Mar 18 00:45:05 PDT 2022; root:xnu-8020.101.4~15/RELEASE_X86_64.
[2022-05-11 21:28:39Z INFO Listener] Version: 2.291.1
[2022-05-11 21:28:39Z INFO Listener] Commit: 496ec0df97891bd8e50f4431d01874ac3ab75a93
[2022-05-11 21:28:39Z INFO Listener] Culture: en-US
[2022-05-11 21:28:39Z INFO Listener] UI Culture: en-US
[2022-05-11 21:28:39Z INFO HostContext] Well known directory 'Bin': '/Users/elijah.cannon/Work/Email/Blocks/head/cc-header/actions-runner/bin'
[2022-05-11 21:28:39Z INFO HostContext] Well known directory 'Root': '/Users/elijah.cannon/Work/Email/Blocks/head/cc-header/actions-runner'
[2022-05-11 21:28:39Z INFO Listener] Validating directory permissions for: '/Users/elijah.cannon/Work/Email/Blocks/head/cc-header/actions-runner'
[2022-05-11 21:28:39Z INFO CommandLineParser] Parse
[2022-05-11 21:28:39Z INFO CommandLineParser] Parsing 5 args
[2022-05-11 21:28:39Z INFO CommandLineParser] parsing argument
[2022-05-11 21:28:39Z INFO CommandLineParser] HasArgs: False
[2022-05-11 21:28:39Z INFO CommandLineParser] Adding Command: configure
[2022-05-11 21:28:39Z INFO CommandLineParser] parsing argument
[2022-05-11 21:28:39Z INFO CommandLineParser] HasArgs: True
[2022-05-11 21:28:39Z INFO CommandLineParser] arg: url
[2022-05-11 21:28:39Z INFO CommandLineParser] parsing argument
[2022-05-11 21:28:39Z INFO CommandLineParser] HasArgs: True
[2022-05-11 21:28:39Z INFO CommandLineParser] Adding option 'url': 'https://github.com/ElijahCannon/cc-header'
[2022-05-11 21:28:39Z INFO CommandLineParser] parsing argument
[2022-05-11 21:28:39Z INFO CommandLineParser] HasArgs: True
[2022-05-11 21:28:39Z INFO CommandLineParser] arg: token
[2022-05-11 21:28:39Z INFO CommandLineParser] parsing argument
[2022-05-11 21:28:39Z INFO CommandLineParser] HasArgs: True
[2022-05-11 21:28:39Z INFO CommandLineParser] Adding option 'token': '***'
[2022-05-11 21:28:39Z INFO Listener] Arguments parsed
[2022-05-11 21:28:39Z INFO Runner] ExecuteCommand
[2022-05-11 21:28:39Z INFO ConfigurationStore] currentAssemblyLocation: /Users/elijah.cannon/Work/Email/Blocks/head/cc-header/actions-runner/bin/Runner.Listener.dll
[2022-05-11 21:28:39Z INFO HostContext] Well known directory 'Bin': '/Users/elijah.cannon/Work/Email/Blocks/head/cc-header/actions-runner/bin'
[2022-05-11 21:28:39Z INFO ConfigurationStore] binPath: /Users/elijah.cannon/Work/Email/Blocks/head/cc-header/actions-runner/bin
[2022-05-11 21:28:39Z INFO HostContext] Well known directory 'Bin': '/Users/elijah.cannon/Work/Email/Blocks/head/cc-header/actions-runner/bin'
[2022-05-11 21:28:39Z INFO HostContext] Well known directory 'Root': '/Users/elijah.cannon/Work/Email/Blocks/head/cc-header/actions-runner'
[2022-05-11 21:28:39Z INFO ConfigurationStore] RootFolder: /Users/elijah.cannon/Work/Email/Blocks/head/cc-header/actions-runner
[2022-05-11 21:28:39Z INFO HostContext] Well known directory 'Bin': '/Users/elijah.cannon/Work/Email/Blocks/head/cc-header/actions-runner/bin'
[2022-05-11 21:28:39Z INFO HostContext] Well known directory 'Root': '/Users/elijah.cannon/Work/Email/Blocks/head/cc-header/actions-runner'
[2022-05-11 21:28:39Z INFO HostContext] Well known config file 'Runner': '/Users/elijah.cannon/Work/Email/Blocks/head/cc-header/actions-runner/.runner'
[2022-05-11 21:28:39Z INFO ConfigurationStore] ConfigFilePath: /Users/elijah.cannon/Work/Email/Blocks/head/cc-header/actions-runner/.runner
[2022-05-11 21:28:39Z INFO HostContext] Well known directory 'Bin': '/Users/elijah.cannon/Work/Email/Blocks/head/cc-header/actions-runner/bin'
[2022-05-11 21:28:39Z INFO HostContext] Well known directory 'Root': '/Users/elijah.cannon/Work/Email/Blocks/head/cc-header/actions-runner'
[2022-05-11 21:28:39Z INFO HostContext] Well known config file 'Credentials': '/Users/elijah.cannon/Work/Email/Blocks/head/cc-header/actions-runner/.credentials'
[2022-05-11 21:28:39Z INFO ConfigurationStore] CredFilePath: /Users/elijah.cannon/Work/Email/Blocks/head/cc-header/actions-runner/.credentials
[2022-05-11 21:28:39Z INFO HostContext] Well known directory 'Bin': '/Users/elijah.cannon/Work/Email/Blocks/head/cc-header/actions-runner/bin'
[2022-05-11 21:28:39Z INFO HostContext] Well known directory 'Root': '/Users/elijah.cannon/Work/Email/Blocks/head/cc-header/actions-runner'
[2022-05-11 21:28:39Z INFO HostContext] Well known config file 'MigratedCredentials': '/Users/elijah.cannon/Work/Email/Blocks/head/cc-header/actions-runner/.credentials_migrated'
[2022-05-11 21:28:39Z INFO ConfigurationStore] MigratedCredFilePath: /Users/elijah.cannon/Work/Email/Blocks/head/cc-header/actions-runner/.credentials_migrated
[2022-05-11 21:28:39Z INFO HostContext] Well known directory 'Bin': '/Users/elijah.cannon/Work/Email/Blocks/head/cc-header/actions-runner/bin'
[2022-05-11 21:28:39Z INFO HostContext] Well known directory 'Root': '/Users/elijah.cannon/Work/Email/Blocks/head/cc-header/actions-runner'
[2022-05-11 21:28:39Z INFO HostContext] Well known config file 'Service': '/Users/elijah.cannon/Work/Email/Blocks/head/cc-header/actions-runner/.service'
[2022-05-11 21:28:39Z INFO ConfigurationStore] ServiceConfigFilePath: /Users/elijah.cannon/Work/Email/Blocks/head/cc-header/actions-runner/.service
[2022-05-11 21:28:39Z INFO CommandSettings] Flag 'help': 'False'
[2022-05-11 21:28:39Z INFO CommandSettings] Flag 'version': 'False'
[2022-05-11 21:28:39Z INFO CommandSettings] Flag 'commit': 'False'
[2022-05-11 21:28:39Z INFO CommandSettings] Flag 'check': 'False'
[2022-05-11 21:28:39Z INFO CommandSettings] Command 'configure': 'True'
[2022-05-11 21:28:39Z INFO Terminal] WRITE LINE: 
[2022-05-11 21:28:39Z INFO Terminal] WRITE LINE: --------------------------------------------------------------------------------
[2022-05-11 21:28:39Z INFO Terminal] WRITE LINE: |        ____ _ _   _   _       _          _        _   _                      |
[2022-05-11 21:28:39Z INFO Terminal] WRITE LINE: |       / ___(_) |_| | | |_   _| |__      / \   ___| |_(_) ___  _ __  ___      |
[2022-05-11 21:28:39Z INFO Terminal] WRITE LINE: |      | |  _| | __| |_| | | | | '_ \    / _ \ / __| __| |/ _ \| '_ \/ __|     |
[2022-05-11 21:28:39Z INFO Terminal] WRITE LINE: |      | |_| | | |_|  _  | |_| | |_) |  / ___ \ (__| |_| | (_) | | | \__ \     |
[2022-05-11 21:28:39Z INFO Terminal] WRITE LINE: |       \____|_|\__|_| |_|\__,_|_.__/  /_/   \_\___|\__|_|\___/|_| |_|___/     |
[2022-05-11 21:28:39Z INFO Terminal] WRITE LINE: |                                                                              |
[2022-05-11 21:28:39Z INFO Terminal] WRITE: |                       
[2022-05-11 21:28:39Z INFO Terminal] WRITE: Self-hosted runner registration
[2022-05-11 21:28:39Z INFO Terminal] WRITE LINE:                         |
[2022-05-11 21:28:39Z INFO Terminal] WRITE LINE: |                                                                              |
[2022-05-11 21:28:39Z INFO Terminal] WRITE LINE: --------------------------------------------------------------------------------
[2022-05-11 21:28:39Z INFO ConfigurationManager] ConfigureAsync
[2022-05-11 21:28:39Z INFO ConfigurationStore] IsConfigured()
[2022-05-11 21:28:39Z INFO ConfigurationStore] IsConfigured: False
[2022-05-11 21:28:39Z INFO ConfigurationManager] Is configured: False
[2022-05-11 21:28:39Z INFO CommandSettings] Arg 'url': 'https://github.com/ElijahCannon/cc-header'
[2022-05-11 21:28:39Z INFO CommandSettings] Remove url from Arg dictionary.
[2022-05-11 21:28:39Z INFO CommandSettings] Arg 'token': '***'
[2022-05-11 21:28:39Z INFO CommandSettings] Remove token from Arg dictionary.
[2022-05-11 21:28:42Z INFO ConfigurationManager] Http response code: OK from 'POST https://api.github.com/actions/runner-registration'
[2022-05-11 21:28:42Z INFO ConfigurationManager] cred retrieved via GitHub auth
[2022-05-11 21:28:42Z INFO RunnerServer] Establish connection with 100 seconds timeout.
[2022-05-11 21:28:42Z INFO GitHubActionsService] Starting operation Location.GetConnectionData
[2022-05-11 21:28:42Z INFO RunnerServer] Establish connection with 60 seconds timeout.
[2022-05-11 21:28:42Z INFO GitHubActionsService] Starting operation Location.GetConnectionData
[2022-05-11 21:28:42Z INFO RunnerServer] Establish connection with 60 seconds timeout.
[2022-05-11 21:28:42Z INFO GitHubActionsService] Starting operation Location.GetConnectionData
[2022-05-11 21:28:43Z INFO GitHubActionsService] Finished operation Location.GetConnectionData
[2022-05-11 21:28:43Z INFO GitHubActionsService] Finished operation Location.GetConnectionData
[2022-05-11 21:28:43Z INFO GitHubActionsService] Finished operation Location.GetConnectionData
[2022-05-11 21:28:43Z INFO Terminal] WRITE LINE: 
[2022-05-11 21:28:43Z INFO ConfigurationManager] Test Connection complete.
[2022-05-11 21:28:43Z INFO HostContext] Well known directory 'Bin': '/Users/elijah.cannon/Work/Email/Blocks/head/cc-header/actions-runner/bin'
[2022-05-11 21:28:43Z INFO HostContext] Well known directory 'Root': '/Users/elijah.cannon/Work/Email/Blocks/head/cc-header/actions-runner'
[2022-05-11 21:28:43Z INFO HostContext] Well known config file 'RSACredentials': '/Users/elijah.cannon/Work/Email/Blocks/head/cc-header/actions-runner/.credentials_rsaparams'
[2022-05-11 21:28:43Z INFO RSAFileKeyManager] Creating new RSA key using 2048-bit key length
[2022-05-11 21:28:43Z INFO RSAFileKeyManager] Successfully saved RSA key parameters to file /Users/elijah.cannon/Work/Email/Blocks/head/cc-header/actions-runner/.credentials_rsaparams
[2022-05-11 21:28:43Z INFO RSAFileKeyManager] Which: 'chmod'
[2022-05-11 21:28:43Z INFO RSAFileKeyManager] Location: '/bin/chmod'
[2022-05-11 21:28:43Z INFO HostContext] Well known directory 'Bin': '/Users/elijah.cannon/Work/Email/Blocks/head/cc-header/actions-runner/bin'
[2022-05-11 21:28:43Z INFO HostContext] Well known directory 'Root': '/Users/elijah.cannon/Work/Email/Blocks/head/cc-header/actions-runner'
[2022-05-11 21:28:43Z INFO ProcessInvokerWrapper] Starting process:
[2022-05-11 21:28:43Z INFO ProcessInvokerWrapper]   File name: '/bin/chmod'
[2022-05-11 21:28:43Z INFO ProcessInvokerWrapper]   Arguments: '600 /Users/elijah.cannon/Work/Email/Blocks/head/cc-header/actions-runner/.credentials_rsaparams'
[2022-05-11 21:28:43Z INFO ProcessInvokerWrapper]   Working directory: '/Users/elijah.cannon/Work/Email/Blocks/head/cc-header/actions-runner'
[2022-05-11 21:28:43Z INFO ProcessInvokerWrapper]   Require exit code zero: 'False'
[2022-05-11 21:28:43Z INFO ProcessInvokerWrapper]   Encoding web name:  ; code page: ''
[2022-05-11 21:28:43Z INFO ProcessInvokerWrapper]   Force kill process on cancellation: 'False'
[2022-05-11 21:28:43Z INFO ProcessInvokerWrapper]   Redirected STDIN: 'False'
[2022-05-11 21:28:43Z INFO ProcessInvokerWrapper]   Persist current code page: 'False'
[2022-05-11 21:28:43Z INFO ProcessInvokerWrapper]   Keep redirected STDIN open: 'False'
[2022-05-11 21:28:43Z INFO ProcessInvokerWrapper]   High priority process: 'False'
[2022-05-11 21:28:44Z INFO ProcessInvokerWrapper] Process started with process id 42365, waiting for process exit.
[2022-05-11 21:28:44Z INFO ProcessInvokerWrapper] STDOUT/STDERR stream read finished.
[2022-05-11 21:28:44Z INFO ProcessInvokerWrapper] STDOUT/STDERR stream read finished.
[2022-05-11 21:28:44Z INFO ProcessInvokerWrapper] Finished process 42365 with exit code 0, and elapsed time 00:00:00.1069988.
[2022-05-11 21:28:44Z INFO RSAFileKeyManager] Successfully set permissions for RSA key parameters file /Users/elijah.cannon/Work/Email/Blocks/head/cc-header/actions-runner/.credentials_rsaparams
[2022-05-11 21:28:44Z INFO CommandSettings] Arg 'runnergroup': ''
[2022-05-11 21:28:44Z INFO CommandSettings] Flag 'unattended': 'False'
[2022-05-11 21:28:44Z INFO PromptManager] ReadValue
[2022-05-11 21:28:44Z INFO Terminal] WRITE: Enter the name of the runner group to add this runner to: 
[2022-05-11 21:28:44Z INFO Terminal] WRITE: [press Enter for Default] 
[2022-05-11 21:28:44Z INFO Terminal] READ LINE
[2022-05-11 21:29:03Z INFO Terminal] Read value: ''
[2022-05-11 21:29:03Z INFO PromptManager] Falling back to the default: 'Default'
[2022-05-11 21:29:03Z INFO Terminal] WRITE LINE: 
[2022-05-11 21:29:03Z INFO ConfigurationManager] Found a self-hosted runner group with id 1 and name Default
[2022-05-11 21:29:03Z INFO CommandSettings] Flag 'disableupdate': 'False'
[2022-05-11 21:29:03Z INFO CommandSettings] Flag 'ephemeral': 'False'
[2022-05-11 21:29:03Z INFO CommandSettings] Arg 'name': ''
[2022-05-11 21:29:03Z INFO CommandSettings] Flag 'unattended': 'False'
[2022-05-11 21:29:03Z INFO PromptManager] ReadValue
[2022-05-11 21:29:03Z INFO Terminal] WRITE: Enter the name of runner: 
[2022-05-11 21:29:03Z INFO Terminal] WRITE: [press Enter for i35148-IS9] 
[2022-05-11 21:29:03Z INFO Terminal] READ LINE
[2022-05-11 21:29:42Z INFO Terminal] Read value: 'sync-styles'
[2022-05-11 21:29:42Z INFO Terminal] WRITE LINE: 
[2022-05-11 21:29:42Z INFO CommandSettings] Arg 'labels': ''
[2022-05-11 21:29:42Z INFO CommandSettings] Flag 'unattended': 'False'
[2022-05-11 21:29:42Z INFO PromptManager] ReadValue
[2022-05-11 21:29:42Z INFO Terminal] WRITE: This runner will have the following labels: 'self-hosted', 'macOS', 'X64' 
Enter any additional labels (ex. label-1,label-2): 
[2022-05-11 21:29:42Z INFO Terminal] WRITE: [press Enter to skip] 
[2022-05-11 21:29:42Z INFO Terminal] READ LINE
[2022-05-11 21:29:48Z INFO Terminal] Read value: ''
[2022-05-11 21:29:48Z INFO Terminal] WRITE LINE: 
[2022-05-11 21:29:49Z INFO CommandSettings] Flag 'disableupdate': 'False'
[2022-05-11 21:29:49Z INFO CommandSettings] Flag 'disableupdate': 'False'
[2022-05-11 21:29:49Z INFO CommandSettings] Flag 'ephemeral': 'False'
[2022-05-11 21:29:49Z INFO ConfigurationStore] Saving OAuth credential @ /Users/elijah.cannon/Work/Email/Blocks/head/cc-header/actions-runner/.credentials
[2022-05-11 21:29:49Z INFO ConfigurationStore] Credentials Saved.
[2022-05-11 21:29:49Z INFO ConfigurationStore] HasCredentials()
[2022-05-11 21:29:49Z INFO ConfigurationStore] stored True
[2022-05-11 21:29:49Z INFO CredentialManager] GetCredentialProvider
[2022-05-11 21:29:49Z INFO CredentialManager] Creating type OAuth
[2022-05-11 21:29:49Z INFO CredentialManager] Creating credential type: OAuth
[2022-05-11 21:29:49Z INFO RSAFileKeyManager] Loading RSA key parameters from file /Users/elijah.cannon/Work/Email/Blocks/head/cc-header/actions-runner/.credentials_rsaparams
[2022-05-11 21:29:49Z INFO RunnerServer] Establish connection with 100 seconds timeout.
[2022-05-11 21:29:49Z INFO GitHubActionsService] Starting operation Location.GetConnectionData
[2022-05-11 21:29:49Z INFO RunnerServer] Establish connection with 60 seconds timeout.
[2022-05-11 21:29:49Z INFO GitHubActionsService] Starting operation Location.GetConnectionData
[2022-05-11 21:29:49Z INFO RunnerServer] Establish connection with 60 seconds timeout.
[2022-05-11 21:29:49Z INFO GitHubActionsService] Starting operation Location.GetConnectionData
[2022-05-11 21:29:49Z INFO GitHubActionsService] Finished operation Location.GetConnectionData
[2022-05-11 21:29:49Z INFO GitHubActionsService] Finished operation Location.GetConnectionData
[2022-05-11 21:29:49Z INFO GitHubActionsService] Finished operation Location.GetConnectionData
[2022-05-11 21:29:49Z WARN GitHubActionsService] Authentication failed with status code 401.
Transfer-Encoding: chunked
WWW-Authenticate: Bearer
Strict-Transport-Security: max-age=2592000
X-TFS-ProcessId: 231498c8-0354-4d9b-a70a-40da6c1dccf8
ActivityId: 55f1bcbf-4c95-42e7-a8f6-59175bafea0a
X-TFS-Session: 6f89ff9f-13db-4a2e-b705-e0c6e0e5ab4a
X-VSS-E2EID: 83105e35-07b4-4315-9ad0-06fcb61aa524
X-VSS-SenderDeploymentId: 9d51f527-7c54-71ef-5aa4-7c3dc660eb8a
X-TFS-ServiceError: The+user+%27System%3aPublicAccess%3baaaaaaaa-aaaa-aaaa-aaaa-aaaaaaaaaaaa%27+is+not+authorized+to+access+this+resource.
X-VSS-S2STargetService: 0000005A-0000-8888-8000-000000000000/visualstudio.com
X-Cache: CONFIG_NOCACHE
X-MSEdge-Ref: Ref A: FF8DA78C57E1451CAD457413297FF5FF Ref B: DEN301000105053 Ref C: 2022-05-11T21:29:50Z
Date: Wed, 11 May 2022 21:29:49 GMT

[2022-05-11 21:29:49Z INFO RSAFileKeyManager] Loading RSA key parameters from file /Users/elijah.cannon/Work/Email/Blocks/head/cc-header/actions-runner/.credentials_rsaparams
[2022-05-11 21:29:50Z INFO RSAFileKeyManager] Loading RSA key parameters from file /Users/elijah.cannon/Work/Email/Blocks/head/cc-header/actions-runner/.credentials_rsaparams
[2022-05-11 21:29:50Z INFO GitHubActionsService] AAD Correlation ID for this token request: Unknown
[2022-05-11 21:29:50Z INFO CommandSettings] Arg 'work': ''
[2022-05-11 21:29:50Z INFO CommandSettings] Flag 'unattended': 'False'
[2022-05-11 21:29:50Z INFO PromptManager] ReadValue
[2022-05-11 21:29:50Z INFO Terminal] WRITE: Enter name of work folder: 
[2022-05-11 21:29:50Z INFO Terminal] WRITE: [press Enter for _work] 
[2022-05-11 21:29:50Z INFO Terminal] READ LINE
[2022-05-11 21:29:57Z INFO Terminal] Read value: ''
[2022-05-11 21:29:57Z INFO PromptManager] Falling back to the default: '_work'
[2022-05-11 21:29:57Z INFO ConfigurationStore] Saving runner settings.
[2022-05-11 21:29:57Z INFO ConfigurationStore] Settings Saved.
[2022-05-11 21:29:57Z INFO Terminal] WRITE LINE: 
[2022-05-11 21:29:57Z INFO Terminal] WRITE LINE: 
[2022-05-11 21:29:57Z INFO OsxServiceControlManager] Service name 'actions.runner.ElijahCannon-cc-header.sync-styles' display name 'GitHub Actions Runner (ElijahCannon-cc-header.sync-styles)' will be used for service configuration.
[2022-05-11 21:29:57Z INFO HostContext] Well known directory 'Bin': '/Users/elijah.cannon/Work/Email/Blocks/head/cc-header/actions-runner/bin'
[2022-05-11 21:29:57Z INFO HostContext] Well known directory 'Root': '/Users/elijah.cannon/Work/Email/Blocks/head/cc-header/actions-runner'
[2022-05-11 21:29:57Z INFO HostContext] Well known directory 'Bin': '/Users/elijah.cannon/Work/Email/Blocks/head/cc-header/actions-runner/bin'
[2022-05-11 21:29:57Z INFO HostContext] Well known directory 'Bin': '/Users/elijah.cannon/Work/Email/Blocks/head/cc-header/actions-runner/bin'
[2022-05-11 21:29:57Z INFO HostContext] Well known directory 'Root': '/Users/elijah.cannon/Work/Email/Blocks/head/cc-header/actions-runner'
[2022-05-11 21:29:57Z INFO UnixUtil] Which: 'chmod'
[2022-05-11 21:29:57Z INFO UnixUtil] Location: '/bin/chmod'
[2022-05-11 21:29:57Z INFO UnixUtil] Running /bin/chmod 755 "/Users/elijah.cannon/Work/Email/Blocks/head/cc-header/actions-runner/svc.sh"
[2022-05-11 21:29:57Z INFO ProcessInvokerWrapper] Starting process:
[2022-05-11 21:29:57Z INFO ProcessInvokerWrapper]   File name: '/bin/chmod'
[2022-05-11 21:29:57Z INFO ProcessInvokerWrapper]   Arguments: '755 "/Users/elijah.cannon/Work/Email/Blocks/head/cc-header/actions-runner/svc.sh"'
[2022-05-11 21:29:57Z INFO ProcessInvokerWrapper]   Working directory: '/Users/elijah.cannon/Work/Email/Blocks/head/cc-header/actions-runner'
[2022-05-11 21:29:57Z INFO ProcessInvokerWrapper]   Require exit code zero: 'True'
[2022-05-11 21:29:57Z INFO ProcessInvokerWrapper]   Encoding web name:  ; code page: ''
[2022-05-11 21:29:57Z INFO ProcessInvokerWrapper]   Force kill process on cancellation: 'False'
[2022-05-11 21:29:57Z INFO ProcessInvokerWrapper]   Redirected STDIN: 'False'
[2022-05-11 21:29:57Z INFO ProcessInvokerWrapper]   Persist current code page: 'False'
[2022-05-11 21:29:57Z INFO ProcessInvokerWrapper]   Keep redirected STDIN open: 'False'
[2022-05-11 21:29:57Z INFO ProcessInvokerWrapper]   High priority process: 'False'
[2022-05-11 21:29:57Z INFO ProcessInvokerWrapper] Process started with process id 42405, waiting for process exit.
[2022-05-11 21:29:57Z INFO ProcessInvokerWrapper] STDOUT/STDERR stream read finished.
[2022-05-11 21:29:57Z INFO ProcessInvokerWrapper] STDOUT/STDERR stream read finished.
[2022-05-11 21:29:57Z INFO ProcessInvokerWrapper] Finished process 42405 with exit code 0, and elapsed time 00:00:00.0092342.
[2022-05-11 21:29:57Z INFO Listener] Runner execution has finished with return code 0
